<?xml version="1.0" encoding="UTF-8"?>
<testsuite xmlns:xsi="http://www.w3.org/2001/XMLSchema-instance" xsi:noNamespaceSchemaLocation="https://maven.apache.org/surefire/maven-surefire-plugin/xsd/surefire-test-report.xsd" version="3.0.2" name="beringela.software.PrattenApplicationTests" time="14.237" tests="1" errors="0" skipped="0" failures="0">
  <properties>
[...]
</properties>
  <testcase name="contextLoads" classname="beringela.software.PrattenApplicationTests" time="0.55">
    <system-out><![CDATA[18:52:29.614 [main] INFO org.springframework.test.context.support.AnnotationConfigContextLoaderUtils -- Could not detect default configuration classes for test class [beringela.software.PrattenApplicationTests]: PrattenApplicationTests does not declare any static, non-private, non-final, nested classes annotated with @Configuration.
18:52:29.807 [main] INFO org.springframework.boot.test.context.SpringBootTestContextBootstrapper -- Found @SpringBootConfiguration beringela.software.Pratten for test class beringela.software.PrattenApplicationTests

  .   ____          _            __ _ _
 /\\ / ___'_ __ _ _(_)_ __  __ _ \ \ \ \
( ( )\___ | '_ | '_| | '_ \/ _` | \ \ \ \
 \\/  ___)| |_)| | | | | || (_| |  ) ) ) )
  '  |____| .__|_| |_|_| |_\__, | / / / /
 =========|_|==============|___/=/_/_/_/

 :: Spring Boot ::                (v4.0.3)

2026-07-21T18:52:30.700+01:00  INFO 38084 --- [pratten] [           main] b.software.PrattenApplicationTests       : Starting PrattenApplicationTests using Java 21.0.9 with PID 38084 (started by loquitos13 in C:\Users\loquitos13\Desktop\Beringela\pratten\back)
2026-07-21T18:52:30.703+01:00  INFO 38084 --- [pratten] [           main] b.software.PrattenApplicationTests       : The following 1 profile is active: "dev"
2026-07-21T18:52:32.038+01:00  INFO 38084 --- [pratten] [           main] .s.d.r.c.RepositoryConfigurationDelegate : Bootstrapping Spring Data JPA repositories in DEFAULT mode.
2026-07-21T18:52:32.156+01:00  INFO 38084 --- [pratten] [           main] .s.d.r.c.RepositoryConfigurationDelegate : Finished Spring Data repository scanning in 102 ms. Found 10 JPA repository interfaces.
2026-07-21T18:52:33.386+01:00  INFO 38084 --- [pratten] [           main] org.hibernate.orm.jpa                    : HHH008540: Processing PersistenceUnitInfo [name: default]
2026-07-21T18:52:33.600+01:00  INFO 38084 --- [pratten] [           main] org.hibernate.orm.core                   : HHH000001: Hibernate ORM core version 7.2.4.Final
2026-07-21T18:52:34.740+01:00  INFO 38084 --- [pratten] [           main] o.s.o.j.p.SpringPersistenceUnitInfo      : No LoadTimeWeaver setup: ignoring JPA class transformer
2026-07-21T18:52:34.810+01:00  INFO 38084 --- [pratten] [           main] com.zaxxer.hikari.HikariDataSource       : HikariPool-1 - Starting...
2026-07-21T18:52:35.184+01:00  INFO 38084 --- [pratten] [           main] com.zaxxer.hikari.pool.HikariPool        : HikariPool-1 - Added connection conn0: url=jdbc:h2:mem:pratten user=SA
2026-07-21T18:52:35.189+01:00  INFO 38084 --- [pratten] [           main] com.zaxxer.hikari.HikariDataSource       : HikariPool-1 - Start completed.
2026-07-21T18:52:35.303+01:00  INFO 38084 --- [pratten] [           main] org.hibernate.orm.connections.pooling    : HHH10001005: Database info:
	Database JDBC URL [jdbc:h2:mem:pratten]
	Database driver: H2 JDBC Driver
	Database dialect: H2Dialect
	Database version: 2.4.240
	Default catalog/schema: pratten/public
	Autocommit mode: undefined/unknown
	Isolation level: READ_COMMITTED [default READ_COMMITTED]
	JDBC fetch size: 100
	Pool: DataSourceConnectionProvider
	Minimum pool size: undefined/unknown
	Maximum pool size: undefined/unknown
2026-07-21T18:52:38.057+01:00  INFO 38084 --- [pratten] [           main] org.hibernate.orm.core                   : HHH000489: No JTA platform available (set 'hibernate.transaction.jta.platform' to enable JTA platform integration)
Hibernate: 
    drop table if exists categories cascade 
Hibernate: 
    drop table if exists menu_items cascade 
Hibernate: 
    drop table if exists order_items cascade 
Hibernate: 
    drop table if exists orders cascade 
Hibernate: 
    drop table if exists payments cascade 
Hibernate: 
    drop table if exists products cascade 
Hibernate: 
    drop table if exists reservations cascade 
Hibernate: 
    drop table if exists restaurant_tables cascade 
Hibernate: 
    drop table if exists staff_members cascade 
Hibernate: 
    drop table if exists tenants cascade 
Hibernate: 
    create table categories (
        display_order integer not null,
        created_at timestamp(6) with time zone,
        updated_at timestamp(6) with time zone,
        version bigint not null,
        id uuid not null,
        tenant_id uuid not null,
        name varchar(255) not null,
        primary key (id)
    )
Hibernate: 
    create table menu_items (
        available boolean not null,
        price numeric(12,2) not null,
        created_at timestamp(6) with time zone,
        updated_at timestamp(6) with time zone,
        version bigint not null,
        category_id uuid,
        id uuid not null,
        tenant_id uuid not null,
        description varchar(1000),
        name varchar(255) not null,
        primary key (id)
    )
Hibernate: 
    create table order_items (
        quantity integer not null,
        unit_price numeric(12,2) not null,
        created_at timestamp(6) with time zone,
        updated_at timestamp(6) with time zone,
        version bigint not null,
        id uuid not null,
        menu_item_id uuid,
        order_id uuid not null,
        tenant_id uuid not null,
        notes varchar(300),
        name varchar(255) not null,
        status enum ('CANCELLED','IN_PREPARATION','PENDING','READY','SERVED') not null,
        primary key (id)
    )
Hibernate: 
    create table orders (
        tip numeric(12,2) not null,
        total numeric(12,2) not null,
        created_at timestamp(6) with time zone,
        updated_at timestamp(6) with time zone,
        version bigint not null,
        id uuid not null,
        table_id uuid,
        tenant_id uuid not null,
        waiter_id uuid,
        notes varchar(500),
        status enum ('CANCELLED','IN_PREPARATION','OPEN','PAID','READY','SERVED') not null,
        primary key (id)
    )
Hibernate: 
    create table payments (
        amount numeric(12,2) not null,
        created_at timestamp(6) with time zone,
        updated_at timestamp(6) with time zone,
        version bigint not null,
        id uuid not null,
        order_id uuid not null,
        tenant_id uuid not null,
        method enum ('CARD','CASH','MBWAY','OTHER','RESERVATION_APP') not null,
        primary key (id)
    )
Hibernate: 
    create table products (
        min_stock numeric(12,3) not null,
        price numeric(12,2) not null,
        quantity numeric(12,3) not null,
        created_at timestamp(6) with time zone,
        updated_at timestamp(6) with time zone,
        version bigint not null,
        category_id uuid,
        id uuid not null,
        tenant_id uuid not null,
        barcode varchar(255),
        name varchar(255) not null,
        unit enum ('BOTTLE','KG','LITER','PACK','UNIT') not null,
        primary key (id)
    )
Hibernate: 
    create table reservations (
        duration_minutes integer not null,
        party_size integer not null,
        created_at timestamp(6) with time zone,
        reserved_at timestamp(6) with time zone not null,
        updated_at timestamp(6) with time zone,
        version bigint not null,
        id uuid not null,
        table_id uuid,
        tenant_id uuid not null,
        notes varchar(500),
        customer_email varchar(255),
        customer_name varchar(255) not null,
        customer_phone varchar(255),
        source enum ('MANUAL','PHONE','WALK_IN','WEBSITE') not null,
        status enum ('CANCELLED','COMPLETED','CONFIRMED','NO_SHOW','PENDING','SEATED') not null,
        primary key (id)
    )
Hibernate: 
    create table restaurant_tables (
        seats integer not null,
        created_at timestamp(6) with time zone,
        updated_at timestamp(6) with time zone,
        version bigint not null,
        assigned_waiter_id uuid,
        id uuid not null,
        tenant_id uuid not null,
        number varchar(255) not null,
        zone varchar(255),
        status enum ('FREE','NEEDS_CLEANING','OCCUPIED','RESERVED') not null,
        primary key (id),
        unique (tenant_id, number)
    )
Hibernate: 
    create table staff_members (
        active boolean not null,
        created_at timestamp(6) with time zone,
        updated_at timestamp(6) with time zone,
        version bigint not null,
        id uuid not null,
        tenant_id uuid not null,
        email varchar(255),
        name varchar(255) not null,
        password_hash varchar(255),
        pin varchar(255),
        role enum ('CASHIER','KITCHEN','MANAGER','OWNER','WAITER') not null,
        primary key (id)
    )
Hibernate: 
    create table tenants (
        active boolean not null,
        created_at timestamp(6) with time zone,
        updated_at timestamp(6) with time zone,
        version bigint not null,
        id uuid not null,
        address varchar(255),
        currency varchar(255),
        name varchar(255) not null,
        slug varchar(255) not null unique,
        vat_number varchar(255),
        primary key (id)
    )
Hibernate: 
    alter table if exists menu_items 
       add constraint FK5bg0vbmql5ggu48n7d5pwgjg3 
       foreign key (category_id) 
       references categories
Hibernate: 
    alter table if exists order_items 
       add constraint FKdtfg1f49yr5yye2fpl2xid2xo 
       foreign key (menu_item_id) 
       references menu_items
Hibernate: 
    alter table if exists order_items 
       add constraint FKbioxgbv59vetrxe0ejfubep1w 
       foreign key (order_id) 
       references orders
Hibernate: 
    alter table if exists orders 
       add constraint FK8nathddqyn5kpjldujiu5lhhv 
       foreign key (table_id) 
       references restaurant_tables
Hibernate: 
    alter table if exists orders 
       add constraint FK9opyu08s3c0k42ok8tndnuuwt 
       foreign key (waiter_id) 
       references staff_members
Hibernate: 
    alter table if exists payments 
       add constraint FK81gagumt0r8y3rmudcgpbk42l 
       foreign key (order_id) 
       references orders
Hibernate: 
    alter table if exists products 
       add constraint FKog2rp4qthbtt2lfyhfo32lsw9 
       foreign key (category_id) 
       references categories
Hibernate: 
    alter table if exists reservations 
       add constraint FKlmsyoaj81pfgb83w1jhupfq0g 
       foreign key (table_id) 
       references restaurant_tables
Hibernate: 
    alter table if exists restaurant_tables 
       add constraint FKgq3cbcjkbb0259t423wbjcjn9 
       foreign key (assigned_waiter_id) 
       references staff_members
2026-07-21T18:52:38.202+01:00  INFO 38084 --- [pratten] [           main] j.LocalContainerEntityManagerFactoryBean : Initialized JPA EntityManagerFactory for persistence unit 'default'
2026-07-21T18:52:38.403+01:00  INFO 38084 --- [pratten] [           main] o.s.d.j.r.query.QueryEnhancerFactories   : Hibernate is in classpath; If applicable, HQL parser will be used.
2026-07-21T18:52:40.779+01:00  WARN 38084 --- [pratten] [           main] .s.a.UserDetailsServiceAutoConfiguration : 

Using generated security password: 701f665a-f12b-4dec-a16b-970c00a14fe0

This generated password is for development use only. Your security configuration must be updated before running your application in production.

2026-07-21T18:52:40.802+01:00  INFO 38084 --- [pratten] [           main] r$InitializeUserDetailsManagerConfigurer : Global AuthenticationManager configured with UserDetailsService bean with name inMemoryUserDetailsManager
2026-07-21T18:52:41.982+01:00  INFO 38084 --- [pratten] [           main] b.software.PrattenApplicationTests       : Started PrattenApplicationTests in 11.879 seconds (process running for 13.925)
Hibernate: 
    select
        t1_0.id,
        t1_0.active,
        t1_0.address,
        t1_0.created_at,
        t1_0.currency,
        t1_0.name,
        t1_0.slug,
        t1_0.updated_at,
        t1_0.vat_number,
        t1_0.version 
    from
        tenants t1_0 
    where
        t1_0.slug=?
Hibernate: 
    insert 
    into
        tenants
        (active, address, created_at, currency, name, slug, updated_at, vat_number, version, id) 
    values
        (?, ?, ?, ?, ?, ?, ?, ?, ?, ?)
Hibernate: 
    insert 
    into
        categories
        (created_at, display_order, name, tenant_id, updated_at, version, id) 
    values
        (?, ?, ?, ?, ?, ?, ?)
Hibernate: 
    insert 
    into
        categories
        (created_at, display_order, name, tenant_id, updated_at, version, id) 
    values
        (?, ?, ?, ?, ?, ?, ?)
Hibernate: 
    insert 
    into
        categories
        (created_at, display_order, name, tenant_id, updated_at, version, id) 
    values
        (?, ?, ?, ?, ?, ?, ?)
Hibernate: 
    insert 
    into
        categories
        (created_at, display_order, name, tenant_id, updated_at, version, id) 
    values
        (?, ?, ?, ?, ?, ?, ?)
Hibernate: 
    insert 
    into
        categories
        (created_at, display_order, name, tenant_id, updated_at, version, id) 
    values
        (?, ?, ?, ?, ?, ?, ?)
Hibernate: 
    insert 
    into
        products
        (barcode, category_id, created_at, min_stock, name, price, quantity, tenant_id, unit, updated_at, version, id) 
    values
        (?, ?, ?, ?, ?, ?, ?, ?, ?, ?, ?, ?)
Hibernate: 
    insert 
    into
        products
        (barcode, category_id, created_at, min_stock, name, price, quantity, tenant_id, unit, updated_at, version, id) 
    values
        (?, ?, ?, ?, ?, ?, ?, ?, ?, ?, ?, ?)
Hibernate: 
    insert 
    into
        products
        (barcode, category_id, created_at, min_stock, name, price, quantity, tenant_id, unit, updated_at, version, id) 
    values
        (?, ?, ?, ?, ?, ?, ?, ?, ?, ?, ?, ?)
Hibernate: 
    insert 
    into
        products
        (barcode, category_id, created_at, min_stock, name, price, quantity, tenant_id, unit, updated_at, version, id) 
    values
        (?, ?, ?, ?, ?, ?, ?, ?, ?, ?, ?, ?)
Hibernate: 
    insert 
    into
        menu_items
        (available, category_id, created_at, description, name, price, tenant_id, updated_at, version, id) 
    values
        (?, ?, ?, ?, ?, ?, ?, ?, ?, ?)
Hibernate: 
    insert 
    into
        menu_items
        (available, category_id, created_at, description, name, price, tenant_id, updated_at, version, id) 
    values
        (?, ?, ?, ?, ?, ?, ?, ?, ?, ?)
Hibernate: 
    insert 
    into
        menu_items
        (available, category_id, created_at, description, name, price, tenant_id, updated_at, version, id) 
    values
        (?, ?, ?, ?, ?, ?, ?, ?, ?, ?)
Hibernate: 
    insert 
    into
        menu_items
        (available, category_id, created_at, description, name, price, tenant_id, updated_at, version, id) 
    values
        (?, ?, ?, ?, ?, ?, ?, ?, ?, ?)
Hibernate: 
    insert 
    into
        staff_members
        (active, created_at, email, name, password_hash, pin, role, tenant_id, updated_at, version, id) 
    values
        (?, ?, ?, ?, ?, ?, ?, ?, ?, ?, ?)
Hibernate: 
    insert 
    into
        staff_members
        (active, created_at, email, name, password_hash, pin, role, tenant_id, updated_at, version, id) 
    values
        (?, ?, ?, ?, ?, ?, ?, ?, ?, ?, ?)
Hibernate: 
    insert 
    into
        staff_members
        (active, created_at, email, name, password_hash, pin, role, tenant_id, updated_at, version, id) 
    values
        (?, ?, ?, ?, ?, ?, ?, ?, ?, ?, ?)
Hibernate: 
    insert 
    into
        restaurant_tables
        (assigned_waiter_id, created_at, number, seats, status, tenant_id, updated_at, version, zone, id) 
    values
        (?, ?, ?, ?, ?, ?, ?, ?, ?, ?)
Hibernate: 
    insert 
    into
        restaurant_tables
        (assigned_waiter_id, created_at, number, seats, status, tenant_id, updated_at, version, zone, id) 
    values
        (?, ?, ?, ?, ?, ?, ?, ?, ?, ?)
Hibernate: 
    insert 
    into
        restaurant_tables
        (assigned_waiter_id, created_at, number, seats, status, tenant_id, updated_at, version, zone, id) 
    values
        (?, ?, ?, ?, ?, ?, ?, ?, ?, ?)
Hibernate: 
    insert 
    into
        restaurant_tables
        (assigned_waiter_id, created_at, number, seats, status, tenant_id, updated_at, version, zone, id) 
    values
        (?, ?, ?, ?, ?, ?, ?, ?, ?, ?)
Hibernate: 
    insert 
    into
        restaurant_tables
        (assigned_waiter_id, created_at, number, seats, status, tenant_id, updated_at, version, zone, id) 
    values
        (?, ?, ?, ?, ?, ?, ?, ?, ?, ?)
Hibernate: 
    insert 
    into
        reservations
        (created_at, customer_email, customer_name, customer_phone, duration_minutes, notes, party_size, reserved_at, source, status, table_id, tenant_id, updated_at, version, id) 
    values
        (?, ?, ?, ?, ?, ?, ?, ?, ?, ?, ?, ?, ?, ?, ?)
2026-07-21T18:52:42.919+01:00  INFO 38084 --- [pratten] [           main] beringela.software.config.DataSeeder     : Seeded demo tenant 'Restaurante Demo' (slug 'demo', id 1d63445b-3f97-4e3a-830b-aeef9d83bf46)
2026-07-21T18:52:42.919+01:00  INFO 38084 --- [pratten] [           main] beringela.software.config.DataSeeder     : Demo logins (POST /auth/login, password 'demo1234'): ana@demo.pt [OWNER], joao@demo.pt [WAITER], maria@demo.pt [KITCHEN]
]]></system-out>
    <system-err><![CDATA[Mockito is currently self-attaching to enable the inline-mock-maker. This will no longer work in future releases of the JDK. Please add Mockito as an agent to your build as described in Mockito's documentation: https://javadoc.io/doc/org.mockito/mockito-core/latest/org.mockito/org/mockito/Mockito.html#0.3
WARNING: A Java agent has been loaded dynamically (C:\Users\loquitos13\.m2\repository\net\bytebuddy\byte-buddy-agent\1.17.8\byte-buddy-agent-1.17.8.jar)
WARNING: If a serviceability tool is in use, please run with -XX:+EnableDynamicAgentLoading to hide this warning
WARNING: If a serviceability tool is not in use, please run with -Djdk.instrument.traceUsage for more information
WARNING: Dynamic loading of agents will be disallowed by default in a future release
]]></system-err>
  </testcase>
</testsuite>