<?xml version="1.0" encoding="UTF-8"?>
<testsuite xmlns:xsi="http://www.w3.org/2001/XMLSchema-instance" xsi:noNamespaceSchemaLocation="https://maven.apache.org/surefire/maven-surefire-plugin/xsd/surefire-test-report.xsd" version="3.0.2" name="beringela.software.web.RemoteSessionWebTest" time="0.538" tests="2" errors="0" skipped="0" failures="0">
  <properties>
[...]
</properties>
  <testcase name="superadminStartsRemoteSessionAndAccessesTenantApis" classname="beringela.software.web.RemoteSessionWebTest" time="0.422">
    <system-out><![CDATA[2026-08-05T12:20:15.732+01:00  INFO 53336 --- [pratten] [           main] t.c.s.AnnotationConfigContextLoaderUtils : Could not detect default configuration classes for test class [beringela.software.web.RemoteSessionWebTest]: RemoteSessionWebTest does not declare any static, non-private, non-final, nested classes annotated with @Configuration.
2026-08-05T12:20:15.734+01:00  INFO 53336 --- [pratten] [           main] .b.t.c.SpringBootTestContextBootstrapper : Found @SpringBootConfiguration beringela.software.Pratten for test class beringela.software.web.RemoteSessionWebTest
2026-08-05T12:20:15.745+01:00  INFO 53336 --- [pratten] [           main] o.s.b.t.m.w.SpringBootMockServletContext : Initializing Spring TestDispatcherServlet ''
2026-08-05T12:20:15.745+01:00  INFO 53336 --- [pratten] [           main] o.s.t.web.servlet.TestDispatcherServlet  : Initializing Servlet ''
2026-08-05T12:20:15.749+01:00  INFO 53336 --- [pratten] [           main] o.s.t.web.servlet.TestDispatcherServlet  : Completed initialization in 4 ms
Hibernate: 
    select
        pa1_0.id,
        pa1_0.active,
        pa1_0.created_at,
        pa1_0.email,
        pa1_0.name,
        pa1_0.password_hash,
        pa1_0.updated_at,
        pa1_0.version 
    from
        platform_admins pa1_0 
    where
        upper(pa1_0.email)=upper(?)
Hibernate: 
    select
        pa1_0.id,
        pa1_0.active,
        pa1_0.created_at,
        pa1_0.email,
        pa1_0.name,
        pa1_0.password_hash,
        pa1_0.updated_at,
        pa1_0.version 
    from
        platform_admins pa1_0 
    where
        pa1_0.id=?
Hibernate: 
    select
        t1_0.id,
        t1_0.active,
        t1_0.address,
        t1_0.created_at,
        t1_0.currency,
        t1_0.name,
        t1_0.slug,
        t1_0.support_notes,
        t1_0.updated_at,
        t1_0.vat_number,
        t1_0.version 
    from
        tenants t1_0
Hibernate: 
    select
        count(sm1_0.id) 
    from
        staff_members sm1_0 
    where
        sm1_0.tenant_id = ?
Hibernate: 
    select
        count(rt1_0.id) 
    from
        restaurant_tables rt1_0 
    where
        rt1_0.tenant_id = ?
Hibernate: 
    select
        count(o1_0.id) 
    from
        orders o1_0 
    where
        o1_0.tenant_id = ? 
        and o1_0.status not in (?, ?)
Hibernate: 
    select
        ths1_0.id,
        ths1_0.active_sync_connections,
        ths1_0.avg_latency_ms,
        ths1_0.created_at,
        ths1_0.last_checked_at,
        ths1_0.last_error,
        ths1_0.last_heartbeat,
        ths1_0.pending_sync_events,
        ths1_0.status,
        ths1_0.tenant_id,
        ths1_0.updated_at,
        ths1_0.version 
    from
        tenant_health_snapshots ths1_0 
    where
        ths1_0.tenant_id=?
Hibernate: 
    select
        pa1_0.id,
        pa1_0.active,
        pa1_0.created_at,
        pa1_0.email,
        pa1_0.name,
        pa1_0.password_hash,
        pa1_0.updated_at,
        pa1_0.version 
    from
        platform_admins pa1_0 
    where
        pa1_0.id=?
Hibernate: 
    select
        t1_0.id,
        t1_0.active,
        t1_0.address,
        t1_0.created_at,
        t1_0.currency,
        t1_0.name,
        t1_0.slug,
        t1_0.support_notes,
        t1_0.updated_at,
        t1_0.vat_number,
        t1_0.version 
    from
        tenants t1_0 
    where
        t1_0.id=?
Hibernate: 
    select
        sm1_0.id,
        sm1_0.active,
        sm1_0.created_at,
        sm1_0.email,
        sm1_0.name,
        sm1_0.password_hash,
        sm1_0.pin,
        sm1_0.role,
        sm1_0.tenant_id,
        sm1_0.updated_at,
        sm1_0.version 
    from
        staff_members sm1_0 
    where
        sm1_0.tenant_id = ? 
        and sm1_0.role=? 
        and sm1_0.active=true 
    order by
        sm1_0.created_at 
    fetch
        first ? rows only
Hibernate: 
    select
        ths1_0.id,
        ths1_0.active_sync_connections,
        ths1_0.avg_latency_ms,
        ths1_0.created_at,
        ths1_0.last_checked_at,
        ths1_0.last_error,
        ths1_0.last_heartbeat,
        ths1_0.pending_sync_events,
        ths1_0.status,
        ths1_0.tenant_id,
        ths1_0.updated_at,
        ths1_0.version 
    from
        tenant_health_snapshots ths1_0 
    where
        ths1_0.tenant_id=?
Hibernate: 
    insert 
    into
        remote_sessions
        (acting_staff_id, active, created_at, ended_at, expires_at, platform_admin_id, reason, started_at, tenant_id, updated_at, version, id) 
    values
        (?, ?, ?, ?, ?, ?, ?, ?, ?, ?, ?, ?)
Hibernate: 
    insert 
    into
        platform_audit_logs
        (action, admin_id, created_at, detail, tenant_id, updated_at, version, id) 
    values
        (?, ?, ?, ?, ?, ?, ?, ?)
Hibernate: 
    insert 
    into
        tenant_health_snapshots
        (active_sync_connections, avg_latency_ms, created_at, last_checked_at, last_error, last_heartbeat, pending_sync_events, status, tenant_id, updated_at, version, id) 
    values
        (?, ?, ?, ?, ?, ?, ?, ?, ?, ?, ?, ?)
Hibernate: 
    insert 
    into
        platform_notifications
        (created_at, event_type, message, read_flag, severity, tenant_id, title, updated_at, version, id) 
    values
        (?, ?, ?, ?, ?, ?, ?, ?, ?, ?)
Hibernate: 
    select
        count(pn1_0.id) 
    from
        platform_notifications pn1_0 
    where
        pn1_0.read_flag=false
Hibernate: 
    select
        pac1_0.id,
        pac1_0.active,
        pac1_0.channel_type,
        pac1_0.created_at,
        pac1_0.event_types,
        pac1_0.min_severity,
        pac1_0.name,
        pac1_0.target,
        pac1_0.updated_at,
        pac1_0.version 
    from
        platform_alert_channels pac1_0 
    where
        pac1_0.active=true 
    order by
        pac1_0.name
Hibernate: 
    select
        t1_0.id,
        t1_0.active,
        t1_0.address,
        t1_0.created_at,
        t1_0.currency,
        t1_0.name,
        t1_0.slug,
        t1_0.support_notes,
        t1_0.updated_at,
        t1_0.vat_number,
        t1_0.version 
    from
        tenants t1_0 
    where
        t1_0.id=?
Hibernate: 
    select
        rs1_0.id,
        rs1_0.acting_staff_id,
        rs1_0.active,
        rs1_0.created_at,
        rs1_0.ended_at,
        rs1_0.expires_at,
        rs1_0.platform_admin_id,
        rs1_0.reason,
        rs1_0.started_at,
        rs1_0.tenant_id,
        rs1_0.updated_at,
        rs1_0.version 
    from
        remote_sessions rs1_0 
    where
        rs1_0.id=?
Hibernate: 
    select
        pa1_0.id,
        pa1_0.active,
        pa1_0.created_at,
        pa1_0.email,
        pa1_0.name,
        pa1_0.password_hash,
        pa1_0.updated_at,
        pa1_0.version 
    from
        platform_admins pa1_0 
    where
        pa1_0.id=?
Hibernate: 
    select
        rt1_0.id,
        rt1_0.assigned_waiter_id,
        rt1_0.created_at,
        rt1_0.number,
        rt1_0.seats,
        rt1_0.status,
        rt1_0.tenant_id,
        rt1_0.updated_at,
        rt1_0.version,
        rt1_0.zone 
    from
        restaurant_tables rt1_0 
    where
        rt1_0.tenant_id = ? 
    order by
        rt1_0.zone,
        rt1_0.number
Hibernate: 
    select
        sm1_0.id,
        sm1_0.active,
        sm1_0.created_at,
        sm1_0.email,
        sm1_0.name,
        sm1_0.password_hash,
        sm1_0.pin,
        sm1_0.role,
        sm1_0.tenant_id,
        sm1_0.updated_at,
        sm1_0.version 
    from
        staff_members sm1_0 
    where
        sm1_0.id=? 
        and sm1_0.tenant_id = ?
Hibernate: 
    select
        t1_0.id,
        t1_0.active,
        t1_0.address,
        t1_0.created_at,
        t1_0.currency,
        t1_0.name,
        t1_0.slug,
        t1_0.support_notes,
        t1_0.updated_at,
        t1_0.vat_number,
        t1_0.version 
    from
        tenants t1_0 
    where
        t1_0.id=?
Hibernate: 
    select
        rs1_0.id,
        rs1_0.acting_staff_id,
        rs1_0.active,
        rs1_0.created_at,
        rs1_0.ended_at,
        rs1_0.expires_at,
        rs1_0.platform_admin_id,
        rs1_0.reason,
        rs1_0.started_at,
        rs1_0.tenant_id,
        rs1_0.updated_at,
        rs1_0.version 
    from
        remote_sessions rs1_0 
    where
        rs1_0.id=?
Hibernate: 
    select
        pa1_0.id,
        pa1_0.active,
        pa1_0.created_at,
        pa1_0.email,
        pa1_0.name,
        pa1_0.password_hash,
        pa1_0.updated_at,
        pa1_0.version 
    from
        platform_admins pa1_0 
    where
        pa1_0.id=?
Hibernate: 
    select
        o1_0.id,
        o1_0.created_at,
        o1_0.notes,
        o1_0.status,
        o1_0.table_id,
        o1_0.tenant_id,
        o1_0.tip,
        o1_0.total,
        o1_0.updated_at,
        o1_0.version,
        o1_0.waiter_id 
    from
        orders o1_0 
    where
        o1_0.tenant_id = ? 
        and o1_0.created_at between ? and ?
Hibernate: 
    select
        pa1_0.id,
        pa1_0.active,
        pa1_0.created_at,
        pa1_0.email,
        pa1_0.name,
        pa1_0.password_hash,
        pa1_0.updated_at,
        pa1_0.version 
    from
        platform_admins pa1_0 
    where
        pa1_0.id=?
Hibernate: 
    select
        t1_0.id,
        t1_0.active,
        t1_0.address,
        t1_0.created_at,
        t1_0.currency,
        t1_0.name,
        t1_0.slug,
        t1_0.support_notes,
        t1_0.updated_at,
        t1_0.vat_number,
        t1_0.version 
    from
        tenants t1_0 
    where
        t1_0.id=?
Hibernate: 
    select
        rs1_0.id,
        rs1_0.acting_staff_id,
        rs1_0.active,
        rs1_0.created_at,
        rs1_0.ended_at,
        rs1_0.expires_at,
        rs1_0.platform_admin_id,
        rs1_0.reason,
        rs1_0.started_at,
        rs1_0.tenant_id,
        rs1_0.updated_at,
        rs1_0.version 
    from
        remote_sessions rs1_0 
    where
        rs1_0.id=?
Hibernate: 
    select
        t1_0.id,
        t1_0.active,
        t1_0.address,
        t1_0.created_at,
        t1_0.currency,
        t1_0.name,
        t1_0.slug,
        t1_0.support_notes,
        t1_0.updated_at,
        t1_0.vat_number,
        t1_0.version 
    from
        tenants t1_0 
    where
        t1_0.id=?
Hibernate: 
    select
        ths1_0.id,
        ths1_0.active_sync_connections,
        ths1_0.avg_latency_ms,
        ths1_0.created_at,
        ths1_0.last_checked_at,
        ths1_0.last_error,
        ths1_0.last_heartbeat,
        ths1_0.pending_sync_events,
        ths1_0.status,
        ths1_0.tenant_id,
        ths1_0.updated_at,
        ths1_0.version 
    from
        tenant_health_snapshots ths1_0 
    where
        ths1_0.tenant_id=?
Hibernate: 
    insert 
    into
        platform_audit_logs
        (action, admin_id, created_at, detail, tenant_id, updated_at, version, id) 
    values
        (?, ?, ?, ?, ?, ?, ?, ?)
Hibernate: 
    insert 
    into
        platform_notifications
        (created_at, event_type, message, read_flag, severity, tenant_id, title, updated_at, version, id) 
    values
        (?, ?, ?, ?, ?, ?, ?, ?, ?, ?)
Hibernate: 
    update
        remote_sessions 
    set
        acting_staff_id=?,
        active=?,
        ended_at=?,
        expires_at=?,
        platform_admin_id=?,
        reason=?,
        started_at=?,
        tenant_id=?,
        updated_at=?,
        version=? 
    where
        id=? 
        and version=?
Hibernate: 
    update
        tenant_health_snapshots 
    set
        active_sync_connections=?,
        avg_latency_ms=?,
        last_checked_at=?,
        last_error=?,
        last_heartbeat=?,
        pending_sync_events=?,
        status=?,
        tenant_id=?,
        updated_at=?,
        version=? 
    where
        id=? 
        and version=?
Hibernate: 
    select
        count(pn1_0.id) 
    from
        platform_notifications pn1_0 
    where
        pn1_0.read_flag=false
Hibernate: 
    select
        pac1_0.id,
        pac1_0.active,
        pac1_0.channel_type,
        pac1_0.created_at,
        pac1_0.event_types,
        pac1_0.min_severity,
        pac1_0.name,
        pac1_0.target,
        pac1_0.updated_at,
        pac1_0.version 
    from
        platform_alert_channels pac1_0 
    where
        pac1_0.active=true 
    order by
        pac1_0.name
Hibernate: 
    select
        t1_0.id,
        t1_0.active,
        t1_0.address,
        t1_0.created_at,
        t1_0.currency,
        t1_0.name,
        t1_0.slug,
        t1_0.support_notes,
        t1_0.updated_at,
        t1_0.vat_number,
        t1_0.version 
    from
        tenants t1_0 
    where
        t1_0.id=?
Hibernate: 
    select
        rs1_0.id,
        rs1_0.acting_staff_id,
        rs1_0.active,
        rs1_0.created_at,
        rs1_0.ended_at,
        rs1_0.expires_at,
        rs1_0.platform_admin_id,
        rs1_0.reason,
        rs1_0.started_at,
        rs1_0.tenant_id,
        rs1_0.updated_at,
        rs1_0.version 
    from
        remote_sessions rs1_0 
    where
        rs1_0.id=?
]]></system-out>
  </testcase>
  <testcase name="platformHealthOverviewIsAccessible" classname="beringela.software.web.RemoteSessionWebTest" time="0.103">
    <system-out><![CDATA[2026-08-05T12:20:16.165+01:00  INFO 53336 --- [pratten] [           main] o.s.b.t.m.w.SpringBootMockServletContext : Initializing Spring TestDispatcherServlet ''
2026-08-05T12:20:16.166+01:00  INFO 53336 --- [pratten] [           main] o.s.t.web.servlet.TestDispatcherServlet  : Initializing Servlet ''
2026-08-05T12:20:16.169+01:00  INFO 53336 --- [pratten] [           main] o.s.t.web.servlet.TestDispatcherServlet  : Completed initialization in 3 ms
Hibernate: 
    select
        pa1_0.id,
        pa1_0.active,
        pa1_0.created_at,
        pa1_0.email,
        pa1_0.name,
        pa1_0.password_hash,
        pa1_0.updated_at,
        pa1_0.version 
    from
        platform_admins pa1_0 
    where
        upper(pa1_0.email)=upper(?)
Hibernate: 
    select
        pa1_0.id,
        pa1_0.active,
        pa1_0.created_at,
        pa1_0.email,
        pa1_0.name,
        pa1_0.password_hash,
        pa1_0.updated_at,
        pa1_0.version 
    from
        platform_admins pa1_0 
    where
        pa1_0.id=?
Hibernate: 
    select
        t1_0.id,
        t1_0.active,
        t1_0.address,
        t1_0.created_at,
        t1_0.currency,
        t1_0.name,
        t1_0.slug,
        t1_0.support_notes,
        t1_0.updated_at,
        t1_0.vat_number,
        t1_0.version 
    from
        tenants t1_0 
    where
        t1_0.id=?
Hibernate: 
    select
        t1_0.id,
        t1_0.active,
        t1_0.address,
        t1_0.created_at,
        t1_0.currency,
        t1_0.name,
        t1_0.slug,
        t1_0.support_notes,
        t1_0.updated_at,
        t1_0.vat_number,
        t1_0.version 
    from
        tenants t1_0
Hibernate: 
    select
        ths1_0.id,
        ths1_0.active_sync_connections,
        ths1_0.avg_latency_ms,
        ths1_0.created_at,
        ths1_0.last_checked_at,
        ths1_0.last_error,
        ths1_0.last_heartbeat,
        ths1_0.pending_sync_events,
        ths1_0.status,
        ths1_0.tenant_id,
        ths1_0.updated_at,
        ths1_0.version 
    from
        tenant_health_snapshots ths1_0 
    where
        ths1_0.tenant_id=?
]]></system-out>
  </testcase>
</testsuite>