<?xml version="1.0" encoding="UTF-8"?>
<testsuite xmlns:xsi="http://www.w3.org/2001/XMLSchema-instance" xsi:noNamespaceSchemaLocation="https://maven.apache.org/surefire/maven-surefire-plugin/xsd/surefire-test-report.xsd" version="3.0.2" name="beringela.software.PrattenApplicationTests" time="2.345" tests="1" errors="0" skipped="0" failures="0">
  <properties>
[...]
</properties>
  <testcase name="contextLoads" classname="beringela.software.PrattenApplicationTests" time="0.008">
    <system-out><![CDATA[2026-08-05T13:02:07.639+01:00  INFO 31844 --- [pratten] [           main] t.c.s.AnnotationConfigContextLoaderUtils : Could not detect default configuration classes for test class [beringela.software.PrattenApplicationTests]: PrattenApplicationTests does not declare any static, non-private, non-final, nested classes annotated with @Configuration.
2026-08-05T13:02:07.647+01:00  INFO 31844 --- [pratten] [           main] .b.t.c.SpringBootTestContextBootstrapper : Found @SpringBootConfiguration beringela.software.Pratten for test class beringela.software.PrattenApplicationTests

  .   ____          _            __ _ _
 /\\ / ___'_ __ _ _(_)_ __  __ _ \ \ \ \
( ( )\___ | '_ | '_| | '_ \/ _` | \ \ \ \
 \\/  ___)| |_)| | | | | || (_| |  ) ) ) )
  '  |____| .__|_| |_|_| |_\__, | / / / /
 =========|_|==============|___/=/_/_/_/

 :: Spring Boot ::                (v4.0.3)

2026-08-05T13:02:07.693+01:00  INFO 31844 --- [pratten] [           main] b.software.PrattenApplicationTests       : Starting PrattenApplicationTests using Java 21.0.9 with PID 31844 (started by loquitos13 in C:\Users\loquitos13\Desktop\Beringela\pratten\back)
2026-08-05T13:02:07.693+01:00  INFO 31844 --- [pratten] [           main] b.software.PrattenApplicationTests       : The following 1 profile is active: "dev"
2026-08-05T13:02:08.220+01:00  INFO 31844 --- [pratten] [           main] .s.d.r.c.RepositoryConfigurationDelegate : Multiple Spring Data modules found, entering strict repository configuration mode
2026-08-05T13:02:08.220+01:00  INFO 31844 --- [pratten] [           main] .s.d.r.c.RepositoryConfigurationDelegate : Bootstrapping Spring Data JPA repositories in DEFAULT mode.
2026-08-05T13:02:08.252+01:00  INFO 31844 --- [pratten] [           main] .s.d.r.c.RepositoryConfigurationDelegate : Finished Spring Data repository scanning in 29 ms. Found 19 JPA repository interfaces.
2026-08-05T13:02:08.265+01:00  INFO 31844 --- [pratten] [           main] .s.d.r.c.RepositoryConfigurationDelegate : Multiple Spring Data modules found, entering strict repository configuration mode
2026-08-05T13:02:08.265+01:00  INFO 31844 --- [pratten] [           main] .s.d.r.c.RepositoryConfigurationDelegate : Bootstrapping Spring Data Redis repositories in DEFAULT mode.
2026-08-05T13:02:08.279+01:00  INFO 31844 --- [pratten] [           main] .RepositoryConfigurationExtensionSupport : Spring Data Redis - Could not safely identify store assignment for repository candidate interface beringela.software.repository.CategoryRepository; If you want this repository to be a Redis repository, consider annotating your entities with one of these annotations: org.springframework.data.redis.core.RedisHash (preferred), or consider extending one of the following types with your repository: org.springframework.data.keyvalue.repository.KeyValueRepository
2026-08-05T13:02:08.280+01:00  INFO 31844 --- [pratten] [           main] .RepositoryConfigurationExtensionSupport : Spring Data Redis - Could not safely identify store assignment for repository candidate interface beringela.software.repository.MenuItemIngredientRepository; If you want this repository to be a Redis repository, consider annotating your entities with one of these annotations: org.springframework.data.redis.core.RedisHash (preferred), or consider extending one of the following types with your repository: org.springframework.data.keyvalue.repository.KeyValueRepository
2026-08-05T13:02:08.281+01:00  INFO 31844 --- [pratten] [           main] .RepositoryConfigurationExtensionSupport : Spring Data Redis - Could not safely identify store assignment for repository candidate interface beringela.software.repository.MenuItemRepository; If you want this repository to be a Redis repository, consider annotating your entities with one of these annotations: org.springframework.data.redis.core.RedisHash (preferred), or consider extending one of the following types with your repository: org.springframework.data.keyvalue.repository.KeyValueRepository
2026-08-05T13:02:08.281+01:00  INFO 31844 --- [pratten] [           main] .RepositoryConfigurationExtensionSupport : Spring Data Redis - Could not safely identify store assignment for repository candidate interface beringela.software.repository.OrderItemRepository; If you want this repository to be a Redis repository, consider annotating your entities with one of these annotations: org.springframework.data.redis.core.RedisHash (preferred), or consider extending one of the following types with your repository: org.springframework.data.keyvalue.repository.KeyValueRepository
2026-08-05T13:02:08.281+01:00  INFO 31844 --- [pratten] [           main] .RepositoryConfigurationExtensionSupport : Spring Data Redis - Could not safely identify store assignment for repository candidate interface beringela.software.repository.OrderRepository; If you want this repository to be a Redis repository, consider annotating your entities with one of these annotations: org.springframework.data.redis.core.RedisHash (preferred), or consider extending one of the following types with your repository: org.springframework.data.keyvalue.repository.KeyValueRepository
2026-08-05T13:02:08.281+01:00  INFO 31844 --- [pratten] [           main] .RepositoryConfigurationExtensionSupport : Spring Data Redis - Could not safely identify store assignment for repository candidate interface beringela.software.repository.PaymentRepository; If you want this repository to be a Redis repository, consider annotating your entities with one of these annotations: org.springframework.data.redis.core.RedisHash (preferred), or consider extending one of the following types with your repository: org.springframework.data.keyvalue.repository.KeyValueRepository
2026-08-05T13:02:08.282+01:00  INFO 31844 --- [pratten] [           main] .RepositoryConfigurationExtensionSupport : Spring Data Redis - Could not safely identify store assignment for repository candidate interface beringela.software.repository.PlatformAdminRepository; If you want this repository to be a Redis repository, consider annotating your entities with one of these annotations: org.springframework.data.redis.core.RedisHash (preferred), or consider extending one of the following types with your repository: org.springframework.data.keyvalue.repository.KeyValueRepository
2026-08-05T13:02:08.282+01:00  INFO 31844 --- [pratten] [           main] .RepositoryConfigurationExtensionSupport : Spring Data Redis - Could not safely identify store assignment for repository candidate interface beringela.software.repository.PlatformAlertChannelRepository; If you want this repository to be a Redis repository, consider annotating your entities with one of these annotations: org.springframework.data.redis.core.RedisHash (preferred), or consider extending one of the following types with your repository: org.springframework.data.keyvalue.repository.KeyValueRepository
2026-08-05T13:02:08.282+01:00  INFO 31844 --- [pratten] [           main] .RepositoryConfigurationExtensionSupport : Spring Data Redis - Could not safely identify store assignment for repository candidate interface beringela.software.repository.PlatformAlertDeliveryRepository; If you want this repository to be a Redis repository, consider annotating your entities with one of these annotations: org.springframework.data.redis.core.RedisHash (preferred), or consider extending one of the following types with your repository: org.springframework.data.keyvalue.repository.KeyValueRepository
2026-08-05T13:02:08.282+01:00  INFO 31844 --- [pratten] [           main] .RepositoryConfigurationExtensionSupport : Spring Data Redis - Could not safely identify store assignment for repository candidate interface beringela.software.repository.PlatformAuditLogRepository; If you want this repository to be a Redis repository, consider annotating your entities with one of these annotations: org.springframework.data.redis.core.RedisHash (preferred), or consider extending one of the following types with your repository: org.springframework.data.keyvalue.repository.KeyValueRepository
2026-08-05T13:02:08.282+01:00  INFO 31844 --- [pratten] [           main] .RepositoryConfigurationExtensionSupport : Spring Data Redis - Could not safely identify store assignment for repository candidate interface beringela.software.repository.PlatformNotificationRepository; If you want this repository to be a Redis repository, consider annotating your entities with one of these annotations: org.springframework.data.redis.core.RedisHash (preferred), or consider extending one of the following types with your repository: org.springframework.data.keyvalue.repository.KeyValueRepository
2026-08-05T13:02:08.282+01:00  INFO 31844 --- [pratten] [           main] .RepositoryConfigurationExtensionSupport : Spring Data Redis - Could not safely identify store assignment for repository candidate interface beringela.software.repository.ProductRepository; If you want this repository to be a Redis repository, consider annotating your entities with one of these annotations: org.springframework.data.redis.core.RedisHash (preferred), or consider extending one of the following types with your repository: org.springframework.data.keyvalue.repository.KeyValueRepository
2026-08-05T13:02:08.282+01:00  INFO 31844 --- [pratten] [           main] .RepositoryConfigurationExtensionSupport : Spring Data Redis - Could not safely identify store assignment for repository candidate interface beringela.software.repository.RemoteSessionRepository; If you want this repository to be a Redis repository, consider annotating your entities with one of these annotations: org.springframework.data.redis.core.RedisHash (preferred), or consider extending one of the following types with your repository: org.springframework.data.keyvalue.repository.KeyValueRepository
2026-08-05T13:02:08.282+01:00  INFO 31844 --- [pratten] [           main] .RepositoryConfigurationExtensionSupport : Spring Data Redis - Could not safely identify store assignment for repository candidate interface beringela.software.repository.ReservationRepository; If you want this repository to be a Redis repository, consider annotating your entities with one of these annotations: org.springframework.data.redis.core.RedisHash (preferred), or consider extending one of the following types with your repository: org.springframework.data.keyvalue.repository.KeyValueRepository
2026-08-05T13:02:08.282+01:00  INFO 31844 --- [pratten] [           main] .RepositoryConfigurationExtensionSupport : Spring Data Redis - Could not safely identify store assignment for repository candidate interface beringela.software.repository.RestaurantTableRepository; If you want this repository to be a Redis repository, consider annotating your entities with one of these annotations: org.springframework.data.redis.core.RedisHash (preferred), or consider extending one of the following types with your repository: org.springframework.data.keyvalue.repository.KeyValueRepository
2026-08-05T13:02:08.282+01:00  INFO 31844 --- [pratten] [           main] .RepositoryConfigurationExtensionSupport : Spring Data Redis - Could not safely identify store assignment for repository candidate interface beringela.software.repository.StaffMemberRepository; If you want this repository to be a Redis repository, consider annotating your entities with one of these annotations: org.springframework.data.redis.core.RedisHash (preferred), or consider extending one of the following types with your repository: org.springframework.data.keyvalue.repository.KeyValueRepository
2026-08-05T13:02:08.282+01:00  INFO 31844 --- [pratten] [           main] .RepositoryConfigurationExtensionSupport : Spring Data Redis - Could not safely identify store assignment for repository candidate interface beringela.software.repository.TenantHealthSnapshotRepository; If you want this repository to be a Redis repository, consider annotating your entities with one of these annotations: org.springframework.data.redis.core.RedisHash (preferred), or consider extending one of the following types with your repository: org.springframework.data.keyvalue.repository.KeyValueRepository
2026-08-05T13:02:08.282+01:00  INFO 31844 --- [pratten] [           main] .RepositoryConfigurationExtensionSupport : Spring Data Redis - Could not safely identify store assignment for repository candidate interface beringela.software.repository.TenantRepository; If you want this repository to be a Redis repository, consider annotating your entities with one of these annotations: org.springframework.data.redis.core.RedisHash (preferred), or consider extending one of the following types with your repository: org.springframework.data.keyvalue.repository.KeyValueRepository
2026-08-05T13:02:08.282+01:00  INFO 31844 --- [pratten] [           main] .RepositoryConfigurationExtensionSupport : Spring Data Redis - Could not safely identify store assignment for repository candidate interface beringela.software.repository.WorkShiftRepository; If you want this repository to be a Redis repository, consider annotating your entities with one of these annotations: org.springframework.data.redis.core.RedisHash (preferred), or consider extending one of the following types with your repository: org.springframework.data.keyvalue.repository.KeyValueRepository
2026-08-05T13:02:08.284+01:00  INFO 31844 --- [pratten] [           main] .s.d.r.c.RepositoryConfigurationDelegate : Finished Spring Data repository scanning in 17 ms. Found 0 Redis repository interfaces.
2026-08-05T13:02:08.466+01:00  INFO 31844 --- [pratten] [           main] org.hibernate.orm.jpa                    : HHH008540: Processing PersistenceUnitInfo [name: default]
2026-08-05T13:02:08.495+01:00  INFO 31844 --- [pratten] [           main] o.s.o.j.p.SpringPersistenceUnitInfo      : No LoadTimeWeaver setup: ignoring JPA class transformer
2026-08-05T13:02:08.497+01:00  INFO 31844 --- [pratten] [           main] com.zaxxer.hikari.HikariDataSource       : HikariPool-2 - Starting...
2026-08-05T13:02:08.500+01:00  INFO 31844 --- [pratten] [           main] com.zaxxer.hikari.pool.HikariPool        : HikariPool-2 - Added connection conn10: url=jdbc:h2:mem:pratten user=SA
2026-08-05T13:02:08.500+01:00  INFO 31844 --- [pratten] [           main] com.zaxxer.hikari.HikariDataSource       : HikariPool-2 - Start completed.
2026-08-05T13:02:08.500+01:00  INFO 31844 --- [pratten] [           main] org.hibernate.orm.connections.pooling    : HHH10001005: Database info:
	Database JDBC URL [jdbc:h2:mem:pratten]
	Database driver: H2 JDBC Driver
	Database dialect: H2Dialect
	Database version: 2.4.240
	Default catalog/schema: pratten/public
	Autocommit mode: undefined/unknown
	Isolation level: READ_COMMITTED [default READ_COMMITTED]
	JDBC fetch size: 100
	Pool: DataSourceConnectionProvider
	Minimum pool size: undefined/unknown
	Maximum pool size: undefined/unknown
2026-08-05T13:02:08.684+01:00  INFO 31844 --- [pratten] [           main] org.hibernate.orm.core                   : HHH000489: No JTA platform available (set 'hibernate.transaction.jta.platform' to enable JTA platform integration)
Hibernate: 
    drop table if exists categories cascade 
Hibernate: 
    drop table if exists menu_item_ingredients cascade 
Hibernate: 
    drop table if exists menu_items cascade 
Hibernate: 
    drop table if exists order_items cascade 
Hibernate: 
    drop table if exists orders cascade 
Hibernate: 
    drop table if exists payments cascade 
Hibernate: 
    drop table if exists platform_admins cascade 
Hibernate: 
    drop table if exists platform_alert_channels cascade 
Hibernate: 
    drop table if exists platform_alert_deliveries cascade 
Hibernate: 
    drop table if exists platform_audit_logs cascade 
Hibernate: 
    drop table if exists platform_notifications cascade 
Hibernate: 
    drop table if exists products cascade 
Hibernate: 
    drop table if exists remote_sessions cascade 
Hibernate: 
    drop table if exists reservations cascade 
Hibernate: 
    drop table if exists restaurant_tables cascade 
Hibernate: 
    drop table if exists staff_members cascade 
Hibernate: 
    drop table if exists tenant_health_snapshots cascade 
Hibernate: 
    drop table if exists tenants cascade 
Hibernate: 
    drop table if exists work_shifts cascade 
Hibernate: 
    create table categories (
        display_order integer not null,
        created_at timestamp(6) with time zone,
        updated_at timestamp(6) with time zone,
        version bigint not null,
        id uuid not null,
        tenant_id uuid not null,
        name varchar(255) not null,
        primary key (id)
    )
Hibernate: 
    create table menu_item_ingredients (
        quantity_per_serving numeric(12,3) not null,
        created_at timestamp(6) with time zone,
        updated_at timestamp(6) with time zone,
        version bigint not null,
        id uuid not null,
        menu_item_id uuid not null,
        product_id uuid not null,
        tenant_id uuid not null,
        primary key (id)
    )
Hibernate: 
    create table menu_items (
        available boolean not null,
        price numeric(12,2) not null,
        created_at timestamp(6) with time zone,
        updated_at timestamp(6) with time zone,
        version bigint not null,
        category_id uuid,
        id uuid not null,
        tenant_id uuid not null,
        description varchar(1000),
        name varchar(255) not null,
        primary key (id)
    )
Hibernate: 
    create table order_items (
        quantity integer not null,
        unit_price numeric(12,2) not null,
        created_at timestamp(6) with time zone,
        updated_at timestamp(6) with time zone,
        version bigint not null,
        id uuid not null,
        menu_item_id uuid,
        order_id uuid not null,
        tenant_id uuid not null,
        notes varchar(300),
        name varchar(255) not null,
        status enum ('CANCELLED','DRAFT','IN_PREPARATION','PENDING','READY','SERVED') not null,
        primary key (id)
    )
Hibernate: 
    create table orders (
        tip numeric(12,2) not null,
        total numeric(12,2) not null,
        created_at timestamp(6) with time zone,
        updated_at timestamp(6) with time zone,
        version bigint not null,
        id uuid not null,
        table_id uuid,
        tenant_id uuid not null,
        waiter_id uuid,
        notes varchar(500),
        status enum ('CANCELLED','IN_PREPARATION','OPEN','PAID','READY','SERVED') not null,
        primary key (id)
    )
Hibernate: 
    create table payments (
        amount numeric(12,2) not null,
        created_at timestamp(6) with time zone,
        updated_at timestamp(6) with time zone,
        version bigint not null,
        id uuid not null,
        order_id uuid not null,
        tenant_id uuid not null,
        method enum ('CARD','CASH','MBWAY','OTHER','RESERVATION_APP') not null,
        primary key (id)
    )
Hibernate: 
    create table platform_admins (
        active boolean not null,
        created_at timestamp(6) with time zone,
        updated_at timestamp(6) with time zone,
        version bigint not null,
        id uuid not null,
        password_hash varchar(100) not null,
        email varchar(255) not null unique,
        name varchar(255) not null,
        primary key (id)
    )
Hibernate: 
    create table platform_alert_channels (
        active boolean not null,
        created_at timestamp(6) with time zone,
        updated_at timestamp(6) with time zone,
        version bigint not null,
        id uuid not null,
        name varchar(100) not null,
        event_types varchar(500),
        target varchar(500) not null,
        channel_type enum ('EMAIL','WEBHOOK') not null,
        min_severity enum ('CRITICAL','INFO','WARNING') not null,
        primary key (id)
    )
Hibernate: 
    create table platform_alert_deliveries (
        response_code integer,
        attempted_at timestamp(6) with time zone not null,
        created_at timestamp(6) with time zone,
        updated_at timestamp(6) with time zone,
        version bigint not null,
        channel_id uuid not null,
        id uuid not null,
        notification_id uuid,
        event_type varchar(60) not null,
        error_detail varchar(500),
        status enum ('FAILED','SENT','SKIPPED') not null,
        primary key (id)
    )
Hibernate: 
    create table platform_audit_logs (
        created_at timestamp(6) with time zone,
        updated_at timestamp(6) with time zone,
        version bigint not null,
        admin_id uuid not null,
        id uuid not null,
        tenant_id uuid,
        action varchar(100) not null,
        detail varchar(1000),
        primary key (id)
    )
Hibernate: 
    create table platform_notifications (
        read_flag boolean not null,
        created_at timestamp(6) with time zone,
        updated_at timestamp(6) with time zone,
        version bigint not null,
        id uuid not null,
        tenant_id uuid,
        event_type varchar(60) not null,
        title varchar(200) not null,
        message varchar(1000) not null,
        severity enum ('CRITICAL','INFO','WARNING') not null,
        primary key (id)
    )
Hibernate: 
    create table products (
        min_stock numeric(12,3) not null,
        price numeric(12,2) not null,
        quantity numeric(12,3) not null,
        created_at timestamp(6) with time zone,
        updated_at timestamp(6) with time zone,
        version bigint not null,
        category_id uuid,
        id uuid not null,
        tenant_id uuid not null,
        barcode varchar(255),
        name varchar(255) not null,
        unit enum ('BOTTLE','KG','LITER','PACK','UNIT') not null,
        primary key (id)
    )
Hibernate: 
    create table remote_sessions (
        active boolean not null,
        created_at timestamp(6) with time zone,
        ended_at timestamp(6) with time zone,
        expires_at timestamp(6) with time zone not null,
        started_at timestamp(6) with time zone not null,
        updated_at timestamp(6) with time zone,
        version bigint not null,
        acting_staff_id uuid not null,
        id uuid not null,
        platform_admin_id uuid not null,
        tenant_id uuid not null,
        reason varchar(500) not null,
        primary key (id)
    )
Hibernate: 
    create table reservations (
        duration_minutes integer not null,
        party_size integer not null,
        created_at timestamp(6) with time zone,
        reserved_at timestamp(6) with time zone not null,
        updated_at timestamp(6) with time zone,
        version bigint not null,
        id uuid not null,
        table_id uuid,
        tenant_id uuid not null,
        notes varchar(500),
        customer_email varchar(255),
        customer_name varchar(255) not null,
        customer_phone varchar(255),
        source enum ('MANUAL','PHONE','WALK_IN','WEBSITE') not null,
        status enum ('CANCELLED','COMPLETED','CONFIRMED','NO_SHOW','PENDING','SEATED') not null,
        primary key (id)
    )
Hibernate: 
    create table restaurant_tables (
        seats integer not null,
        created_at timestamp(6) with time zone,
        updated_at timestamp(6) with time zone,
        version bigint not null,
        assigned_waiter_id uuid,
        id uuid not null,
        tenant_id uuid not null,
        number varchar(255) not null,
        zone varchar(255),
        status enum ('FREE','NEEDS_CLEANING','OCCUPIED','RESERVED') not null,
        primary key (id),
        unique (tenant_id, number)
    )
Hibernate: 
    create table staff_members (
        active boolean not null,
        created_at timestamp(6) with time zone,
        updated_at timestamp(6) with time zone,
        version bigint not null,
        id uuid not null,
        tenant_id uuid not null,
        email varchar(255),
        name varchar(255) not null,
        password_hash varchar(255),
        pin varchar(255),
        role enum ('KITCHEN','MANAGER','OWNER','WAITER') not null,
        primary key (id)
    )
Hibernate: 
    create table tenant_health_snapshots (
        active_sync_connections integer not null,
        avg_latency_ms bigint not null,
        created_at timestamp(6) with time zone,
        last_checked_at timestamp(6) with time zone,
        last_heartbeat timestamp(6) with time zone,
        pending_sync_events bigint not null,
        updated_at timestamp(6) with time zone,
        version bigint not null,
        id uuid not null,
        tenant_id uuid not null unique,
        last_error varchar(500),
        status enum ('DEGRADED','ERROR','HEALTHY','OFFLINE','UNKNOWN') not null,
        primary key (id)
    )
Hibernate: 
    create table tenants (
        active boolean not null,
        created_at timestamp(6) with time zone,
        updated_at timestamp(6) with time zone,
        version bigint not null,
        id uuid not null,
        support_notes varchar(2000),
        address varchar(255),
        currency varchar(255),
        name varchar(255) not null,
        slug varchar(255) not null unique,
        vat_number varchar(255),
        primary key (id)
    )
Hibernate: 
    create table work_shifts (
        clock_in_at timestamp(6) with time zone not null,
        clock_out_at timestamp(6) with time zone,
        created_at timestamp(6) with time zone,
        updated_at timestamp(6) with time zone,
        version bigint not null,
        id uuid not null,
        staff_member_id uuid not null,
        tenant_id uuid not null,
        clock_in_notes varchar(500),
        clock_out_notes varchar(500),
        primary key (id)
    )
Hibernate: 
    alter table if exists menu_item_ingredients 
       add constraint FKbrorwv22pmcc7k7icifrdq3kw 
       foreign key (menu_item_id) 
       references menu_items
Hibernate: 
    alter table if exists menu_item_ingredients 
       add constraint FKfgqds9o0jawovc4jrle80ys4l 
       foreign key (product_id) 
       references products
Hibernate: 
    alter table if exists menu_items 
       add constraint FK5bg0vbmql5ggu48n7d5pwgjg3 
       foreign key (category_id) 
       references categories
Hibernate: 
    alter table if exists order_items 
       add constraint FKdtfg1f49yr5yye2fpl2xid2xo 
       foreign key (menu_item_id) 
       references menu_items
Hibernate: 
    alter table if exists order_items 
       add constraint FKbioxgbv59vetrxe0ejfubep1w 
       foreign key (order_id) 
       references orders
Hibernate: 
    alter table if exists orders 
       add constraint FK8nathddqyn5kpjldujiu5lhhv 
       foreign key (table_id) 
       references restaurant_tables
Hibernate: 
    alter table if exists orders 
       add constraint FK9opyu08s3c0k42ok8tndnuuwt 
       foreign key (waiter_id) 
       references staff_members
Hibernate: 
    alter table if exists payments 
       add constraint FK81gagumt0r8y3rmudcgpbk42l 
       foreign key (order_id) 
       references orders
Hibernate: 
    alter table if exists products 
       add constraint FKog2rp4qthbtt2lfyhfo32lsw9 
       foreign key (category_id) 
       references categories
Hibernate: 
    alter table if exists reservations 
       add constraint FKlmsyoaj81pfgb83w1jhupfq0g 
       foreign key (table_id) 
       references restaurant_tables
Hibernate: 
    alter table if exists restaurant_tables 
       add constraint FKgq3cbcjkbb0259t423wbjcjn9 
       foreign key (assigned_waiter_id) 
       references staff_members
Hibernate: 
    alter table if exists work_shifts 
       add constraint FKkbxknluum2wn4q5nweteki8nl 
       foreign key (staff_member_id) 
       references staff_members
2026-08-05T13:02:08.715+01:00  INFO 31844 --- [pratten] [           main] j.LocalContainerEntityManagerFactoryBean : Initialized JPA EntityManagerFactory for persistence unit 'default'
2026-08-05T13:02:09.133+01:00  INFO 31844 --- [pratten] [           main] r$InitializeUserDetailsManagerConfigurer : Global AuthenticationManager configured with UserDetailsService bean with name userDetailsService
2026-08-05T13:02:09.600+01:00  INFO 31844 --- [pratten] [           main] o.s.b.a.e.web.EndpointLinksResolver      : Exposing 2 endpoints beneath base path '/actuator'
2026-08-05T13:02:09.625+01:00  INFO 31844 --- [pratten] [           main] b.software.PrattenApplicationTests       : Started PrattenApplicationTests in 1.962 seconds (process running for 14.567)
Hibernate: 
    select
        t1_0.id,
        t1_0.active,
        t1_0.address,
        t1_0.created_at,
        t1_0.currency,
        t1_0.name,
        t1_0.slug,
        t1_0.support_notes,
        t1_0.updated_at,
        t1_0.vat_number,
        t1_0.version 
    from
        tenants t1_0
Hibernate: 
    select
        t1_0.id,
        t1_0.active,
        t1_0.address,
        t1_0.created_at,
        t1_0.currency,
        t1_0.name,
        t1_0.slug,
        t1_0.support_notes,
        t1_0.updated_at,
        t1_0.vat_number,
        t1_0.version 
    from
        tenants t1_0 
    where
        t1_0.slug=?
Hibernate: 
    insert 
    into
        tenants
        (active, address, created_at, currency, name, slug, support_notes, updated_at, vat_number, version, id) 
    values
        (?, ?, ?, ?, ?, ?, ?, ?, ?, ?, ?)
Hibernate: 
    insert 
    into
        categories
        (created_at, display_order, name, tenant_id, updated_at, version, id) 
    values
        (?, ?, ?, ?, ?, ?, ?)
Hibernate: 
    insert 
    into
        categories
        (created_at, display_order, name, tenant_id, updated_at, version, id) 
    values
        (?, ?, ?, ?, ?, ?, ?)
Hibernate: 
    insert 
    into
        categories
        (created_at, display_order, name, tenant_id, updated_at, version, id) 
    values
        (?, ?, ?, ?, ?, ?, ?)
Hibernate: 
    insert 
    into
        categories
        (created_at, display_order, name, tenant_id, updated_at, version, id) 
    values
        (?, ?, ?, ?, ?, ?, ?)
Hibernate: 
    insert 
    into
        categories
        (created_at, display_order, name, tenant_id, updated_at, version, id) 
    values
        (?, ?, ?, ?, ?, ?, ?)
Hibernate: 
    insert 
    into
        products
        (barcode, category_id, created_at, min_stock, name, price, quantity, tenant_id, unit, updated_at, version, id) 
    values
        (?, ?, ?, ?, ?, ?, ?, ?, ?, ?, ?, ?)
Hibernate: 
    insert 
    into
        products
        (barcode, category_id, created_at, min_stock, name, price, quantity, tenant_id, unit, updated_at, version, id) 
    values
        (?, ?, ?, ?, ?, ?, ?, ?, ?, ?, ?, ?)
Hibernate: 
    insert 
    into
        products
        (barcode, category_id, created_at, min_stock, name, price, quantity, tenant_id, unit, updated_at, version, id) 
    values
        (?, ?, ?, ?, ?, ?, ?, ?, ?, ?, ?, ?)
Hibernate: 
    insert 
    into
        products
        (barcode, category_id, created_at, min_stock, name, price, quantity, tenant_id, unit, updated_at, version, id) 
    values
        (?, ?, ?, ?, ?, ?, ?, ?, ?, ?, ?, ?)
Hibernate: 
    insert 
    into
        menu_items
        (available, category_id, created_at, description, name, price, tenant_id, updated_at, version, id) 
    values
        (?, ?, ?, ?, ?, ?, ?, ?, ?, ?)
Hibernate: 
    insert 
    into
        menu_items
        (available, category_id, created_at, description, name, price, tenant_id, updated_at, version, id) 
    values
        (?, ?, ?, ?, ?, ?, ?, ?, ?, ?)
Hibernate: 
    insert 
    into
        menu_items
        (available, category_id, created_at, description, name, price, tenant_id, updated_at, version, id) 
    values
        (?, ?, ?, ?, ?, ?, ?, ?, ?, ?)
Hibernate: 
    insert 
    into
        menu_items
        (available, category_id, created_at, description, name, price, tenant_id, updated_at, version, id) 
    values
        (?, ?, ?, ?, ?, ?, ?, ?, ?, ?)
Hibernate: 
    insert 
    into
        menu_item_ingredients
        (created_at, menu_item_id, product_id, quantity_per_serving, tenant_id, updated_at, version, id) 
    values
        (?, ?, ?, ?, ?, ?, ?, ?)
Hibernate: 
    insert 
    into
        menu_item_ingredients
        (created_at, menu_item_id, product_id, quantity_per_serving, tenant_id, updated_at, version, id) 
    values
        (?, ?, ?, ?, ?, ?, ?, ?)
Hibernate: 
    insert 
    into
        staff_members
        (active, created_at, email, name, password_hash, pin, role, tenant_id, updated_at, version, id) 
    values
        (?, ?, ?, ?, ?, ?, ?, ?, ?, ?, ?)
Hibernate: 
    insert 
    into
        staff_members
        (active, created_at, email, name, password_hash, pin, role, tenant_id, updated_at, version, id) 
    values
        (?, ?, ?, ?, ?, ?, ?, ?, ?, ?, ?)
Hibernate: 
    insert 
    into
        staff_members
        (active, created_at, email, name, password_hash, pin, role, tenant_id, updated_at, version, id) 
    values
        (?, ?, ?, ?, ?, ?, ?, ?, ?, ?, ?)
Hibernate: 
    insert 
    into
        restaurant_tables
        (assigned_waiter_id, created_at, number, seats, status, tenant_id, updated_at, version, zone, id) 
    values
        (?, ?, ?, ?, ?, ?, ?, ?, ?, ?)
Hibernate: 
    insert 
    into
        restaurant_tables
        (assigned_waiter_id, created_at, number, seats, status, tenant_id, updated_at, version, zone, id) 
    values
        (?, ?, ?, ?, ?, ?, ?, ?, ?, ?)
Hibernate: 
    insert 
    into
        restaurant_tables
        (assigned_waiter_id, created_at, number, seats, status, tenant_id, updated_at, version, zone, id) 
    values
        (?, ?, ?, ?, ?, ?, ?, ?, ?, ?)
Hibernate: 
    insert 
    into
        restaurant_tables
        (assigned_waiter_id, created_at, number, seats, status, tenant_id, updated_at, version, zone, id) 
    values
        (?, ?, ?, ?, ?, ?, ?, ?, ?, ?)
Hibernate: 
    insert 
    into
        restaurant_tables
        (assigned_waiter_id, created_at, number, seats, status, tenant_id, updated_at, version, zone, id) 
    values
        (?, ?, ?, ?, ?, ?, ?, ?, ?, ?)
Hibernate: 
    insert 
    into
        reservations
        (created_at, customer_email, customer_name, customer_phone, duration_minutes, notes, party_size, reserved_at, source, status, table_id, tenant_id, updated_at, version, id) 
    values
        (?, ?, ?, ?, ?, ?, ?, ?, ?, ?, ?, ?, ?, ?, ?)
2026-08-05T13:02:09.891+01:00  INFO 31844 --- [pratten] [           main] beringela.software.config.DataSeeder     : Seeded demo tenant 'Restaurante Demo' (slug 'demo', id 9316e2fc-1850-464f-8a61-a428373cf41f)
2026-08-05T13:02:09.892+01:00  INFO 31844 --- [pratten] [           main] beringela.software.config.DataSeeder     : Demo logins (POST /auth/login, password 'demo1234'): ana@demo.pt [OWNER], joao@demo.pt [WAITER], maria@demo.pt [KITCHEN]
Hibernate: 
    select
        pa1_0.id,
        pa1_0.active,
        pa1_0.created_at,
        pa1_0.email,
        pa1_0.name,
        pa1_0.password_hash,
        pa1_0.updated_at,
        pa1_0.version 
    from
        platform_admins pa1_0 
    where
        upper(pa1_0.email)=upper(?)
Hibernate: 
    insert 
    into
        platform_admins
        (active, created_at, email, name, password_hash, updated_at, version, id) 
    values
        (?, ?, ?, ?, ?, ?, ?, ?)
2026-08-05T13:02:09.973+01:00  INFO 31844 --- [pratten] [           main] beringela.software.config.DataSeeder     : Platform superadmin: superadmin@pratten.pt (POST /platform/auth/login, password 'superadmin1234')
]]></system-out>
  </testcase>
</testsuite>